<?xml version="1.0" encoding="UTF-8"?>
<testng-results skipped="0" failed="1" total="6" passed="5">
  <reporter-output>
  </reporter-output>
  <suite name="E-commerce" duration-ms="16297" started-at="2018-01-29T21:06:14Z" finished-at="2018-01-29T21:06:30Z">
    <groups>
    </groups>
    <test name="Interview&gt;" duration-ms="16297" started-at="2018-01-29T21:06:14Z" finished-at="2018-01-29T21:06:30Z">
      <class name="com.Test.CeramicHomePageTest">
        <test-method status="PASS" signature="setup()[pri:0, instance:com.Test.CeramicHomePageTest@4bec1f0c]" name="setup" is-config="true" duration-ms="6442" started-at="2018-01-29T16:06:14Z" finished-at="2018-01-29T16:06:20Z">
          <reporter-output>
          </reporter-output>
        </test-method> <!-- setup -->
        <test-method status="PASS" signature="validatingCeramicpage()[pri:0, instance:com.Test.CeramicHomePageTest@4bec1f0c]" name="validatingCeramicpage" duration-ms="16" started-at="2018-01-29T16:06:20Z" finished-at="2018-01-29T16:06:20Z">
          <reporter-output>
          </reporter-output>
        </test-method> <!-- validatingCeramicpage -->
        <test-method status="PASS" signature="selectProduct()[pri:0, instance:com.Test.CeramicHomePageTest@4bec1f0c]" name="selectProduct" duration-ms="3610" started-at="2018-01-29T16:06:20Z" finished-at="2018-01-29T16:06:24Z">
          <reporter-output>
          </reporter-output>
        </test-method> <!-- selectProduct -->
      </class> <!-- com.Test.CeramicHomePageTest -->
      <class name="com.Test.CartPageTest">
        <test-method status="PASS" signature="setup()[pri:0, instance:com.Test.CartPageTest@29ca901e]" name="setup" is-config="true" duration-ms="1" started-at="2018-01-29T16:06:27Z" finished-at="2018-01-29T16:06:27Z">
          <reporter-output>
          </reporter-output>
        </test-method> <!-- setup -->
        <test-method status="PASS" signature="cartvalidation()[pri:0, instance:com.Test.CartPageTest@29ca901e]" name="cartvalidation" duration-ms="2338" started-at="2018-01-29T16:06:27Z" finished-at="2018-01-29T16:06:29Z">
          <reporter-output>
          </reporter-output>
        </test-method> <!-- cartvalidation -->
        <test-method status="PASS" signature="checkOutMessageValidation()[pri:0, instance:com.Test.CartPageTest@29ca901e]" name="checkOutMessageValidation" duration-ms="1047" started-at="2018-01-29T16:06:29Z" finished-at="2018-01-29T16:06:30Z">
          <reporter-output>
          </reporter-output>
        </test-method> <!-- checkOutMessageValidation -->
      </class> <!-- com.Test.CartPageTest -->
      <class name="com.Test.ProductPageTest">
        <test-method status="PASS" signature="setup()[pri:0, instance:com.Test.ProductPageTest@27c20538]" name="setup" is-config="true" duration-ms="1" started-at="2018-01-29T16:06:24Z" finished-at="2018-01-29T16:06:24Z">
          <reporter-output>
          </reporter-output>
        </test-method> <!-- setup -->
        <test-method status="FAIL" signature="validatingProductpageTitle()[pri:0, instance:com.Test.ProductPageTest@27c20538]" name="validatingProductpageTitle" duration-ms="951" started-at="2018-01-29T16:06:24Z" finished-at="2018-01-29T16:06:25Z">
          <exception class="java.lang.AssertionError">
            <message>
              <![CDATA[expected [interview | I'm a product] but found [interview | Product Page]]]>
            </message>
            <full-stacktrace>
              <![CDATA[java.lang.AssertionError: expected [interview | I'm a product] but found [interview | Product Page]
	at org.testng.Assert.fail(Assert.java:94)
	at org.testng.Assert.failNotEquals(Assert.java:494)
	at org.testng.Assert.assertEquals(Assert.java:123)
	at org.testng.Assert.assertEquals(Assert.java:176)
	at org.testng.Assert.assertEquals(Assert.java:186)
	at com.Test.ProductPageTest.validatingProductpageTitle(ProductPageTest.java:26)
	at sun.reflect.NativeMethodAccessorImpl.invoke0(Native Method)
	at sun.reflect.NativeMethodAccessorImpl.invoke(Unknown Source)
	at sun.reflect.DelegatingMethodAccessorImpl.invoke(Unknown Source)
	at java.lang.reflect.Method.invoke(Unknown Source)
	at org.testng.internal.MethodInvocationHelper.invokeMethod(MethodInvocationHelper.java:80)
	at org.testng.internal.Invoker.invokeMethod(Invoker.java:714)
	at org.testng.internal.Invoker.invokeTestMethod(Invoker.java:901)
	at org.testng.internal.Invoker.invokeTestMethods(Invoker.java:1231)
	at org.testng.internal.TestMethodWorker.invokeTestMethods(TestMethodWorker.java:127)
	at org.testng.internal.TestMethodWorker.run(TestMethodWorker.java:111)
	at org.testng.TestRunner.privateRun(TestRunner.java:767)
	at org.testng.TestRunner.run(TestRunner.java:617)
	at org.testng.SuiteRunner.runTest(SuiteRunner.java:334)
	at org.testng.SuiteRunner.runSequentially(SuiteRunner.java:329)
	at org.testng.SuiteRunner.privateRun(SuiteRunner.java:291)
	at org.testng.SuiteRunner.run(SuiteRunner.java:240)
	at org.testng.SuiteRunnerWorker.runSuite(SuiteRunnerWorker.java:52)
	at org.testng.SuiteRunnerWorker.run(SuiteRunnerWorker.java:86)
	at org.testng.TestNG.runSuitesSequentially(TestNG.java:1198)
	at org.testng.TestNG.runSuitesLocally(TestNG.java:1123)
	at org.testng.TestNG.run(TestNG.java:1031)
	at org.testng.remote.AbstractRemoteTestNG.run(AbstractRemoteTestNG.java:114)
	at org.testng.remote.RemoteTestNG.initAndRun(RemoteTestNG.java:251)
	at org.testng.remote.RemoteTestNG.main(RemoteTestNG.java:77)
]]>
            </full-stacktrace>
          </exception> <!-- java.lang.AssertionError -->
          <reporter-output>
          </reporter-output>
        </test-method> <!-- validatingProductpageTitle -->
        <test-method status="PASS" signature="customisedItemSelection()[pri:0, instance:com.Test.ProductPageTest@27c20538]" name="customisedItemSelection" duration-ms="1873" started-at="2018-01-29T16:06:25Z" finished-at="2018-01-29T16:06:27Z">
          <reporter-output>
          </reporter-output>
        </test-method> <!-- customisedItemSelection -->
      </class> <!-- com.Test.ProductPageTest -->
    </test> <!-- Interview> -->
  </suite> <!-- E-commerce -->
</testng-results>
